<?xml version="1.0" encoding="UTF-8"?>
<!-- Generated by org.testng.reporters.JUnitReportReporter -->
<testsuite skipped="0" hostname="LAPTOP-BUDAIQQH" name="org.sujeet.eclipse.Mavenjava.RestapiTest" tests="2" failures="0" timestamp="2021-11-02T07:07:21 IST" time="0.001" errors="0">
  <testcase name="PostJira" time="0.001" classname="org.sujeet.eclipse.Mavenjava.RestapiTest"/>
  <system-out/>
  <testcase name="DeleteTwitter" time="0.000" classname="org.sujeet.eclipse.Mavenjava.RestapiTest"/>
  <system-out/>
</testsuite> <!-- org.sujeet.eclipse.Mavenjava.RestapiTest -->
