<?xml version="1.0" encoding="UTF-8"?>
<!-- Generated by org.testng.reporters.JUnitReportReporter -->
<testsuite skipped="0" hostname="LAPTOP-BUDAIQQH" name="org.sujeet.eclipse.Mavenjava.SeleniumTest" tests="2" failures="0" timestamp="2021-11-02T07:07:42 IST" time="0.001" errors="0">
  <testcase name="Elementsui" time="0.001" classname="org.sujeet.eclipse.Mavenjava.SeleniumTest"/>
  <system-out/>
  <testcase name="Browserautomation" time="0.000" classname="org.sujeet.eclipse.Mavenjava.SeleniumTest"/>
  <system-out/>
</testsuite> <!-- org.sujeet.eclipse.Mavenjava.SeleniumTest -->
